# JRE version: OpenJDK Runtime Environment (7.0_79-b14) (build 1.7.0_79-b14)
# Java VM: OpenJDK 64-Bit Server VM (24.79-b02 mixed mode linux-amd64 compressed oops)
Heap
 PSYoungGen      total 212480K, used 14960K [0x00000000eaa80000, 0x00000000f9e80000, 0x0000000100000000)
  eden space 181248K, 0% used [0x00000000eaa80000,0x00000000eaa80000,0x00000000f5b80000)
  from space 31232K, 47% used [0x00000000f5b80000,0x00000000f6a1c0f8,0x00000000f7a00000)
  to   space 32768K, 0% used [0x00000000f7e80000,0x00000000f7e80000,0x00000000f9e80000)
 ParOldGen       total 79872K, used 79591K [0x00000000c0000000, 0x00000000c4e00000, 0x00000000eaa80000)
  object space 79872K, 99% used [0x00000000c0000000,0x00000000c4db9c08,0x00000000c4e00000)
 PSPermGen       total 21504K, used 6405K [0x00000000b5a00000, 0x00000000b6f00000, 0x00000000c0000000)
  object space 21504K, 29% used [0x00000000b5a00000,0x00000000b60416a8,0x00000000b6f00000)
GC Heap History (10 events):
Event: 4.928 GC heap after
Heap after GC invocations=8 (full 0):
 PSYoungGen      total 134656K, used 13296K [0x00000000eaa80000, 0x00000000f4580000, 0x0000000100000000)
  eden space 121344K, 0% used [0x00000000eaa80000,0x00000000eaa80000,0x00000000f2100000)
  from space 13312K, 99% used [0x00000000f3180000,0x00000000f3e7c288,0x00000000f3e80000)
  to   space 16896K, 0% used [0x00000000f2100000,0x00000000f2100000,0x00000000f3180000)
 ParOldGen       total 40960K, used 28702K [0x00000000c0000000, 0x00000000c2800000, 0x00000000eaa80000)
  object space 40960K, 70% used [0x00000000c0000000,0x00000000c1c07940,0x00000000c2800000)
 PSPermGen       total 21504K, used 6198K [0x00000000b5a00000, 0x00000000b6f00000, 0x00000000c0000000)
  object space 21504K, 28% used [0x00000000b5a00000,0x00000000b600dac0,0x00000000b6f00000)
}
Event: 6.015 GC heap before
{Heap before GC invocations=9 (full 0):
 PSYoungGen      total 134656K, used 134640K [0x00000000eaa80000, 0x00000000f4580000, 0x0000000100000000)
  eden space 121344K, 100% used [0x00000000eaa80000,0x00000000f2100000,0x00000000f2100000)
  from space 13312K, 99% used [0x00000000f3180000,0x00000000f3e7c288,0x00000000f3e80000)
  to   space 16896K, 0% used [0x00000000f2100000,0x00000000f2100000,0x00000000f3180000)
 ParOldGen       total 40960K, used 28702K [0x00000000c0000000, 0x00000000c2800000, 0x00000000eaa80000)
  object space 40960K, 70% used [0x00000000c0000000,0x00000000c1c07940,0x00000000c2800000)
 PSPermGen       total 21504K, used 6342K [0x00000000b5a00000, 0x00000000b6f00000, 0x00000000c0000000)
  object space 21504K, 29% used [0x00000000b5a00000,0x00000000b6031aa0,0x00000000b6f00000)
Event: 6.058 GC heap after
Heap after GC invocations=9 (full 0):
 PSYoungGen      total 138240K, used 16879K [0x00000000eaa80000, 0x00000000f9880000, 0x0000000100000000)
  eden space 121344K, 0% used [0x00000000eaa80000,0x00000000eaa80000,0x00000000f2100000)
  from space 16896K, 99% used [0x00000000f2100000,0x00000000f317bf38,0x00000000f3180000)
  to   space 24576K, 0% used [0x00000000f8080000,0x00000000f8080000,0x00000000f9880000)
 ParOldGen       total 43008K, used 42316K [0x00000000c0000000, 0x00000000c2a00000, 0x00000000eaa80000)
  object space 43008K, 98% used [0x00000000c0000000,0x00000000c29533a8,0x00000000c2a00000)
 PSPermGen       total 21504K, used 6342K [0x00000000b5a00000, 0x00000000b6f00000, 0x00000000c0000000)
  object space 21504K, 29% used [0x00000000b5a00000,0x00000000b6031aa0,0x00000000b6f00000)
}
Event: 6.058 GC heap before
{Heap before GC invocations=10 (full 1):
 PSYoungGen      total 138240K, used 16879K [0x00000000eaa80000, 0x00000000f9880000, 0x0000000100000000)
  eden space 121344K, 0% used [0x00000000eaa80000,0x00000000eaa80000,0x00000000f2100000)
  from space 16896K, 99% used [0x00000000f2100000,0x00000000f317bf38,0x00000000f3180000)
  to   space 24576K, 0% used [0x00000000f8080000,0x00000000f8080000,0x00000000f9880000)
 ParOldGen       total 43008K, used 42316K [0x00000000c0000000, 0x00000000c2a00000, 0x00000000eaa80000)
  object space 43008K, 98% used [0x00000000c0000000,0x00000000c29533a8,0x00000000c2a00000)
 PSPermGen       total 21504K, used 6342K [0x00000000b5a00000, 0x00000000b6f00000, 0x00000000c0000000)
  object space 21504K, 29% used [0x00000000b5a00000,0x00000000b6031aa0,0x00000000b6f00000)
Event: 6.483 GC heap after
Heap after GC invocations=10 (full 1):
 PSYoungGen      total 138240K, used 10182K [0x00000000eaa80000, 0x00000000f9880000, 0x0000000100000000)
  eden space 121344K, 0% used [0x00000000eaa80000,0x00000000eaa80000,0x00000000f2100000)
  from space 16896K, 60% used [0x00000000f2100000,0x00000000f2af1b18,0x00000000f3180000)
  to   space 24576K, 0% used [0x00000000f8080000,0x00000000f8080000,0x00000000f9880000)
 ParOldGen       total 79872K, used 42529K [0x00000000c0000000, 0x00000000c4e00000, 0x00000000eaa80000)
  object space 79872K, 53% used [0x00000000c0000000,0x00000000c2988608,0x00000000c4e00000)
 PSPermGen       total 21504K, used 6338K [0x00000000b5a00000, 0x00000000b6f00000, 0x00000000c0000000)
  object space 21504K, 29% used [0x00000000b5a00000,0x00000000b6030a70,0x00000000b6f00000)
}
Event: 7.490 GC heap before
{Heap before GC invocations=11 (full 1):
 PSYoungGen      total 138240K, used 131526K [0x00000000eaa80000, 0x00000000f9880000, 0x0000000100000000)
  eden space 121344K, 100% used [0x00000000eaa80000,0x00000000f2100000,0x00000000f2100000)
  from space 16896K, 60% used [0x00000000f2100000,0x00000000f2af1b18,0x00000000f3180000)
  to   space 24576K, 0% used [0x00000000f8080000,0x00000000f8080000,0x00000000f9880000)
 ParOldGen       total 79872K, used 42529K [0x00000000c0000000, 0x00000000c4e00000, 0x00000000eaa80000)
  object space 79872K, 53% used [0x00000000c0000000,0x00000000c2988608,0x00000000c4e00000)
 PSPermGen       total 21504K, used 6392K [0x00000000b5a00000, 0x00000000b6f00000, 0x00000000c0000000)
  object space 21504K, 29% used [0x00000000b5a00000,0x00000000b603e0c8,0x00000000b6f00000)
Event: 7.552 GC heap after
Heap after GC invocations=11 (full 1):
 PSYoungGen      total 172032K, used 24557K [0x00000000eaa80000, 0x00000000f9880000, 0x0000000100000000)
  eden space 147456K, 0% used [0x00000000eaa80000,0x00000000eaa80000,0x00000000f3a80000)
  from space 24576K, 99% used [0x00000000f8080000,0x00000000f987b650,0x00000000f9880000)
  to   space 31232K, 0% used [0x00000000f5b80000,0x00000000f5b80000,0x00000000f7a00000)
 ParOldGen       total 79872K, used 49666K [0x00000000c0000000, 0x00000000c4e00000, 0x00000000eaa80000)
  object space 79872K, 62% used [0x00000000c0000000,0x00000000c3080a88,0x00000000c4e00000)
 PSPermGen       total 21504K, used 6392K [0x00000000b5a00000, 0x00000000b6f00000, 0x00000000c0000000)
  object space 21504K, 29% used [0x00000000b5a00000,0x00000000b603e0c8,0x00000000b6f00000)
}
Event: 8.478 GC heap before
{Heap before GC invocations=12 (full 1):
 PSYoungGen      total 172032K, used 172013K [0x00000000eaa80000, 0x00000000f9880000, 0x0000000100000000)
  eden space 147456K, 100% used [0x00000000eaa80000,0x00000000f3a80000,0x00000000f3a80000)
  from space 24576K, 99% used [0x00000000f8080000,0x00000000f987b650,0x00000000f9880000)
  to   space 31232K, 0% used [0x00000000f5b80000,0x00000000f5b80000,0x00000000f7a00000)
 ParOldGen       total 79872K, used 49666K [0x00000000c0000000, 0x00000000c4e00000, 0x00000000eaa80000)
  object space 79872K, 62% used [0x00000000c0000000,0x00000000c3080a88,0x00000000c4e00000)
 PSPermGen       total 21504K, used 6406K [0x00000000b5a00000, 0x00000000b6f00000, 0x00000000c0000000)
  object space 21504K, 29% used [0x00000000b5a00000,0x00000000b6041a08,0x00000000b6f00000)
Event: 8.555 GC heap after
Heap after GC invocations=12 (full 1):
 PSYoungGen      total 212480K, used 22833K [0x00000000eaa80000, 0x00000000f9e80000, 0x0000000100000000)
  eden space 181248K, 0% used [0x00000000eaa80000,0x00000000eaa80000,0x00000000f5b80000)
  from space 31232K, 73% used [0x00000000f5b80000,0x00000000f71cc598,0x00000000f7a00000)
  to   space 32768K, 0% used [0x00000000f7e80000,0x00000000f7e80000,0x00000000f9e80000)
 ParOldGen       total 79872K, used 74021K [0x00000000c0000000, 0x00000000c4e00000, 0x00000000eaa80000)
  object space 79872K, 92% used [0x00000000c0000000,0x00000000c48494e8,0x00000000c4e00000)
 PSPermGen       total 21504K, used 6406K [0x00000000b5a00000, 0x00000000b6f00000, 0x00000000c0000000)
  object space 21504K, 29% used [0x00000000b5a00000,0x00000000b6041a08,0x00000000b6f00000)
}
Event: 8.557 GC heap before
{Heap before GC invocations=13 (full 2):
 PSYoungGen      total 212480K, used 22833K [0x00000000eaa80000, 0x00000000f9e80000, 0x0000000100000000)
  eden space 181248K, 0% used [0x00000000eaa80000,0x00000000eaa80000,0x00000000f5b80000)
  from space 31232K, 73% used [0x00000000f5b80000,0x00000000f71cc598,0x00000000f7a00000)
  to   space 32768K, 0% used [0x00000000f7e80000,0x00000000f7e80000,0x00000000f9e80000)
 ParOldGen       total 79872K, used 74021K [0x00000000c0000000, 0x00000000c4e00000, 0x00000000eaa80000)
  object space 79872K, 92% used [0x00000000c0000000,0x00000000c48494e8,0x00000000c4e00000)
 PSPermGen       total 21504K, used 6406K [0x00000000b5a00000, 0x00000000b6f00000, 0x00000000c0000000)
  object space 21504K, 29% used [0x00000000b5a00000,0x00000000b6041a08,0x00000000b6f00000)

