# JRE version: OpenJDK Runtime Environment (7.0_79-b14) (build 1.7.0_79-b14)
# Java VM: OpenJDK 64-Bit Server VM (24.79-b02 mixed mode linux-amd64 compressed oops)
Heap
 PSYoungGen      total 268288K, used 15799K [0x00000000eaa80000, 0x00000000fea00000, 0x0000000100000000)
  eden space 237568K, 0% used [0x00000000eaa80000,0x00000000eaa80000,0x00000000f9280000)
  from space 30720K, 51% used [0x00000000f9280000,0x00000000fa1edea8,0x00000000fb080000)
  to   space 44544K, 0% used [0x00000000fbe80000,0x00000000fbe80000,0x00000000fea00000)
 ParOldGen       total 79872K, used 79746K [0x00000000c0000000, 0x00000000c4e00000, 0x00000000eaa80000)
  object space 79872K, 99% used [0x00000000c0000000,0x00000000c4de0a10,0x00000000c4e00000)
 PSPermGen       total 21504K, used 6405K [0x00000000b5a00000, 0x00000000b6f00000, 0x00000000c0000000)
  object space 21504K, 29% used [0x00000000b5a00000,0x00000000b60416a0,0x00000000b6f00000)
GC Heap History (10 events):
Event: 4.746 GC heap after
Heap after GC invocations=6 (full 0):
 PSYoungGen      total 137728K, used 12774K [0x00000000eaa80000, 0x00000000f4380000, 0x0000000100000000)
  eden space 124928K, 0% used [0x00000000eaa80000,0x00000000eaa80000,0x00000000f2480000)
  from space 12800K, 99% used [0x00000000f3300000,0x00000000f3f799b8,0x00000000f3f80000)
  to   space 14848K, 0% used [0x00000000f2480000,0x00000000f2480000,0x00000000f3300000)
 ParOldGen       total 40960K, used 26048K [0x00000000c0000000, 0x00000000c2800000, 0x00000000eaa80000)
  object space 40960K, 63% used [0x00000000c0000000,0x00000000c19700b0,0x00000000c2800000)
 PSPermGen       total 21504K, used 6194K [0x00000000b5a00000, 0x00000000b6f00000, 0x00000000c0000000)
  object space 21504K, 28% used [0x00000000b5a00000,0x00000000b600cae8,0x00000000b6f00000)
}
Event: 6.254 GC heap before
{Heap before GC invocations=7 (full 0):
 PSYoungGen      total 137728K, used 137702K [0x00000000eaa80000, 0x00000000f4380000, 0x0000000100000000)
  eden space 124928K, 100% used [0x00000000eaa80000,0x00000000f2480000,0x00000000f2480000)
  from space 12800K, 99% used [0x00000000f3300000,0x00000000f3f799b8,0x00000000f3f80000)
  to   space 14848K, 0% used [0x00000000f2480000,0x00000000f2480000,0x00000000f3300000)
 ParOldGen       total 40960K, used 26048K [0x00000000c0000000, 0x00000000c2800000, 0x00000000eaa80000)
  object space 40960K, 63% used [0x00000000c0000000,0x00000000c19700b0,0x00000000c2800000)
 PSPermGen       total 21504K, used 6330K [0x00000000b5a00000, 0x00000000b6f00000, 0x00000000c0000000)
  object space 21504K, 29% used [0x00000000b5a00000,0x00000000b602e9c8,0x00000000b6f00000)
Event: 6.420 GC heap after
Heap after GC invocations=7 (full 0):
 PSYoungGen      total 139776K, used 14832K [0x00000000eaa80000, 0x00000000fce80000, 0x0000000100000000)
  eden space 124928K, 0% used [0x00000000eaa80000,0x00000000eaa80000,0x00000000f2480000)
  from space 14848K, 99% used [0x00000000f2480000,0x00000000f32fc2f0,0x00000000f3300000)
  to   space 24576K, 0% used [0x00000000fb680000,0x00000000fb680000,0x00000000fce80000)
 ParOldGen       total 40960K, used 40434K [0x00000000c0000000, 0x00000000c2800000, 0x00000000eaa80000)
  object space 40960K, 98% used [0x00000000c0000000,0x00000000c277ca88,0x00000000c2800000)
 PSPermGen       total 21504K, used 6330K [0x00000000b5a00000, 0x00000000b6f00000, 0x00000000c0000000)
  object space 21504K, 29% used [0x00000000b5a00000,0x00000000b602e9c8,0x00000000b6f00000)
}
Event: 6.420 GC heap before
{Heap before GC invocations=8 (full 1):
 PSYoungGen      total 139776K, used 14832K [0x00000000eaa80000, 0x00000000fce80000, 0x0000000100000000)
  eden space 124928K, 0% used [0x00000000eaa80000,0x00000000eaa80000,0x00000000f2480000)
  from space 14848K, 99% used [0x00000000f2480000,0x00000000f32fc2f0,0x00000000f3300000)
  to   space 24576K, 0% used [0x00000000fb680000,0x00000000fb680000,0x00000000fce80000)
 ParOldGen       total 40960K, used 40434K [0x00000000c0000000, 0x00000000c2800000, 0x00000000eaa80000)
  object space 40960K, 98% used [0x00000000c0000000,0x00000000c277ca88,0x00000000c2800000)
 PSPermGen       total 21504K, used 6330K [0x00000000b5a00000, 0x00000000b6f00000, 0x00000000c0000000)
  object space 21504K, 29% used [0x00000000b5a00000,0x00000000b602e9c8,0x00000000b6f00000)
Event: 6.753 GC heap after
Heap after GC invocations=8 (full 1):
 PSYoungGen      total 139776K, used 7493K [0x00000000eaa80000, 0x00000000fce80000, 0x0000000100000000)
  eden space 124928K, 0% used [0x00000000eaa80000,0x00000000eaa80000,0x00000000f2480000)
  from space 14848K, 50% used [0x00000000f2480000,0x00000000f2bd1578,0x00000000f3300000)
  to   space 24576K, 0% used [0x00000000fb680000,0x00000000fb680000,0x00000000fce80000)
 ParOldGen       total 79872K, used 40651K [0x00000000c0000000, 0x00000000c4e00000, 0x00000000eaa80000)
  object space 79872K, 50% used [0x00000000c0000000,0x00000000c27b2e68,0x00000000c4e00000)
 PSPermGen       total 21504K, used 6326K [0x00000000b5a00000, 0x00000000b6f00000, 0x00000000c0000000)
  object space 21504K, 29% used [0x00000000b5a00000,0x00000000b602db38,0x00000000b6f00000)
}
Event: 8.028 GC heap before
{Heap before GC invocations=9 (full 1):
 PSYoungGen      total 139776K, used 132421K [0x00000000eaa80000, 0x00000000fce80000, 0x0000000100000000)
  eden space 124928K, 100% used [0x00000000eaa80000,0x00000000f2480000,0x00000000f2480000)
  from space 14848K, 50% used [0x00000000f2480000,0x00000000f2bd1578,0x00000000f3300000)
  to   space 24576K, 0% used [0x00000000fb680000,0x00000000fb680000,0x00000000fce80000)
 ParOldGen       total 79872K, used 40651K [0x00000000c0000000, 0x00000000c4e00000, 0x00000000eaa80000)
  object space 79872K, 50% used [0x00000000c0000000,0x00000000c27b2e68,0x00000000c4e00000)
 PSPermGen       total 21504K, used 6389K [0x00000000b5a00000, 0x00000000b6f00000, 0x00000000c0000000)
  object space 21504K, 29% used [0x00000000b5a00000,0x00000000b603d470,0x00000000b6f00000)
Event: 8.072 GC heap after
Heap after GC invocations=9 (full 1):
 PSYoungGen      total 206848K, used 24571K [0x00000000eaa80000, 0x00000000fce80000, 0x0000000100000000)
  eden space 182272K, 0% used [0x00000000eaa80000,0x00000000eaa80000,0x00000000f5c80000)
  from space 24576K, 99% used [0x00000000fb680000,0x00000000fce7efe0,0x00000000fce80000)
  to   space 30720K, 0% used [0x00000000f9280000,0x00000000f9280000,0x00000000fb080000)
 ParOldGen       total 79872K, used 44923K [0x00000000c0000000, 0x00000000c4e00000, 0x00000000eaa80000)
  object space 79872K, 56% used [0x00000000c0000000,0x00000000c2bdee70,0x00000000c4e00000)
 PSPermGen       total 21504K, used 6389K [0x00000000b5a00000, 0x00000000b6f00000, 0x00000000c0000000)
  object space 21504K, 29% used [0x00000000b5a00000,0x00000000b603d470,0x00000000b6f00000)
}
Event: 9.244 GC heap before
{Heap before GC invocations=10 (full 1):
 PSYoungGen      total 206848K, used 206843K [0x00000000eaa80000, 0x00000000fce80000, 0x0000000100000000)
  eden space 182272K, 100% used [0x00000000eaa80000,0x00000000f5c80000,0x00000000f5c80000)
  from space 24576K, 99% used [0x00000000fb680000,0x00000000fce7efe0,0x00000000fce80000)
  to   space 30720K, 0% used [0x00000000f9280000,0x00000000f9280000,0x00000000fb080000)
 ParOldGen       total 79872K, used 44923K [0x00000000c0000000, 0x00000000c4e00000, 0x00000000eaa80000)
  object space 79872K, 56% used [0x00000000c0000000,0x00000000c2bdee70,0x00000000c4e00000)
 PSPermGen       total 21504K, used 6406K [0x00000000b5a00000, 0x00000000b6f00000, 0x00000000c0000000)
  object space 21504K, 29% used [0x00000000b5a00000,0x00000000b6041ac0,0x00000000b6f00000)
Event: 9.345 GC heap after
Heap after GC invocations=10 (full 1):
 PSYoungGen      total 268288K, used 30693K [0x00000000eaa80000, 0x00000000fea00000, 0x0000000100000000)
  eden space 237568K, 0% used [0x00000000eaa80000,0x00000000eaa80000,0x00000000f9280000)
  from space 30720K, 99% used [0x00000000f9280000,0x00000000fb079720,0x00000000fb080000)
  to   space 44544K, 0% used [0x00000000fbe80000,0x00000000fbe80000,0x00000000fea00000)
 ParOldGen       total 79872K, used 66948K [0x00000000c0000000, 0x00000000c4e00000, 0x00000000eaa80000)
  object space 79872K, 83% used [0x00000000c0000000,0x00000000c4161058,0x00000000c4e00000)
 PSPermGen       total 21504K, used 6406K [0x00000000b5a00000, 0x00000000b6f00000, 0x00000000c0000000)
  object space 21504K, 29% used [0x00000000b5a00000,0x00000000b6041ac0,0x00000000b6f00000)
}
Event: 9.349 GC heap before
{Heap before GC invocations=11 (full 2):
 PSYoungGen      total 268288K, used 30693K [0x00000000eaa80000, 0x00000000fea00000, 0x0000000100000000)
  eden space 237568K, 0% used [0x00000000eaa80000,0x00000000eaa80000,0x00000000f9280000)
  from space 30720K, 99% used [0x00000000f9280000,0x00000000fb079720,0x00000000fb080000)
  to   space 44544K, 0% used [0x00000000fbe80000,0x00000000fbe80000,0x00000000fea00000)
 ParOldGen       total 79872K, used 66948K [0x00000000c0000000, 0x00000000c4e00000, 0x00000000eaa80000)
  object space 79872K, 83% used [0x00000000c0000000,0x00000000c4161058,0x00000000c4e00000)
 PSPermGen       total 21504K, used 6406K [0x00000000b5a00000, 0x00000000b6f00000, 0x00000000c0000000)
  object space 21504K, 29% used [0x00000000b5a00000,0x00000000b6041ac0,0x00000000b6f00000)

