# JRE version: OpenJDK Runtime Environment (7.0_79-b14) (build 1.7.0_79-b14)
# Java VM: OpenJDK 64-Bit Server VM (24.79-b02 mixed mode linux-amd64 compressed oops)
Heap
 PSYoungGen      total 233472K, used 56132K [0x00000000eaa80000, 0x00000000fff80000, 0x0000000100000000)
  eden space 117248K, 0% used [0x00000000eaa80000,0x00000000eaa80000,0x00000000f1d00000)
  from space 116224K, 48% used [0x00000000f1d00000,0x00000000f53d1218,0x00000000f8e80000)
  to   space 113152K, 0% used [0x00000000f9100000,0x00000000f9100000,0x00000000fff80000)
 ParOldGen       total 584704K, used 584485K [0x00000000c0000000, 0x00000000e3b00000, 0x00000000eaa80000)
  object space 584704K, 99% used [0x00000000c0000000,0x00000000e3ac94e0,0x00000000e3b00000)
 PSPermGen       total 21504K, used 6464K [0x00000000b5a00000, 0x00000000b6f00000, 0x00000000c0000000)
  object space 21504K, 30% used [0x00000000b5a00000,0x00000000b6050180,0x00000000b6f00000)
GC Heap History (10 events):
Event: 20.329 GC heap after
Heap after GC invocations=30 (full 5):
 PSYoungGen      total 237568K, used 61339K [0x00000000eaa80000, 0x00000000fff00000, 0x0000000100000000)
  eden space 134656K, 0% used [0x00000000eaa80000,0x00000000eaa80000,0x00000000f2e00000)
  from space 102912K, 59% used [0x00000000f2e00000,0x00000000f69e6fd8,0x00000000f9280000)
  to   space 102912K, 0% used [0x00000000f9a80000,0x00000000f9a80000,0x00000000fff00000)
 ParOldGen       total 581120K, used 438541K [0x00000000c0000000, 0x00000000e3780000, 0x00000000eaa80000)
  object space 581120K, 75% used [0x00000000c0000000,0x00000000dac43418,0x00000000e3780000)
 PSPermGen       total 21504K, used 6462K [0x00000000b5a00000, 0x00000000b6f00000, 0x00000000c0000000)
  object space 21504K, 30% used [0x00000000b5a00000,0x00000000b604fb80,0x00000000b6f00000)
}
Event: 20.622 GC heap before
{Heap before GC invocations=31 (full 5):
 PSYoungGen      total 237568K, used 195995K [0x00000000eaa80000, 0x00000000fff00000, 0x0000000100000000)
  eden space 134656K, 100% used [0x00000000eaa80000,0x00000000f2e00000,0x00000000f2e00000)
  from space 102912K, 59% used [0x00000000f2e00000,0x00000000f69e6fd8,0x00000000f9280000)
  to   space 102912K, 0% used [0x00000000f9a80000,0x00000000f9a80000,0x00000000fff00000)
 ParOldGen       total 581120K, used 438541K [0x00000000c0000000, 0x00000000e3780000, 0x00000000eaa80000)
  object space 581120K, 75% used [0x00000000c0000000,0x00000000dac43418,0x00000000e3780000)
 PSPermGen       total 21504K, used 6462K [0x00000000b5a00000, 0x00000000b6f00000, 0x00000000c0000000)
  object space 21504K, 30% used [0x00000000b5a00000,0x00000000b604fb80,0x00000000b6f00000)
Event: 20.708 GC heap after
Heap after GC invocations=31 (full 5):
 PSYoungGen      total 243712K, used 67287K [0x00000000eaa80000, 0x0000000100000000, 0x0000000100000000)
  eden space 140800K, 0% used [0x00000000eaa80000,0x00000000eaa80000,0x00000000f3400000)
  from space 102912K, 65% used [0x00000000f9a80000,0x00000000fdc35ec8,0x00000000fff00000)
  to   space 104448K, 0% used [0x00000000f3400000,0x00000000f3400000,0x00000000f9a00000)
 ParOldGen       total 581120K, used 478772K [0x00000000c0000000, 0x00000000e3780000, 0x00000000eaa80000)
  object space 581120K, 82% used [0x00000000c0000000,0x00000000dd38d1f8,0x00000000e3780000)
 PSPermGen       total 21504K, used 6462K [0x00000000b5a00000, 0x00000000b6f00000, 0x00000000c0000000)
  object space 21504K, 30% used [0x00000000b5a00000,0x00000000b604fb80,0x00000000b6f00000)
}
Event: 20.975 GC heap before
{Heap before GC invocations=32 (full 5):
 PSYoungGen      total 243712K, used 208087K [0x00000000eaa80000, 0x0000000100000000, 0x0000000100000000)
  eden space 140800K, 100% used [0x00000000eaa80000,0x00000000f3400000,0x00000000f3400000)
  from space 102912K, 65% used [0x00000000f9a80000,0x00000000fdc35ec8,0x00000000fff00000)
  to   space 104448K, 0% used [0x00000000f3400000,0x00000000f3400000,0x00000000f9a00000)
 ParOldGen       total 581120K, used 478772K [0x00000000c0000000, 0x00000000e3780000, 0x00000000eaa80000)
  object space 581120K, 82% used [0x00000000c0000000,0x00000000dd38d1f8,0x00000000e3780000)
 PSPermGen       total 21504K, used 6464K [0x00000000b5a00000, 0x00000000b6f00000, 0x00000000c0000000)
  object space 21504K, 30% used [0x00000000b5a00000,0x00000000b6050070,0x00000000b6f00000)
Event: 21.045 GC heap after
Heap after GC invocations=32 (full 5):
 PSYoungGen      total 239104K, used 98055K [0x00000000eaa80000, 0x0000000100000000, 0x0000000100000000)
  eden space 140800K, 0% used [0x00000000eaa80000,0x00000000eaa80000,0x00000000f3400000)
  from space 98304K, 99% used [0x00000000f3400000,0x00000000f93c1e20,0x00000000f9400000)
  to   space 110592K, 0% used [0x00000000f9400000,0x00000000f9400000,0x0000000100000000)
 ParOldGen       total 581120K, used 499236K [0x00000000c0000000, 0x00000000e3780000, 0x00000000eaa80000)
  object space 581120K, 85% used [0x00000000c0000000,0x00000000de7890d0,0x00000000e3780000)
 PSPermGen       total 21504K, used 6464K [0x00000000b5a00000, 0x00000000b6f00000, 0x00000000c0000000)
  object space 21504K, 30% used [0x00000000b5a00000,0x00000000b6050070,0x00000000b6f00000)
}
Event: 21.616 GC heap before
{Heap before GC invocations=33 (full 5):
 PSYoungGen      total 239104K, used 238855K [0x00000000eaa80000, 0x0000000100000000, 0x0000000100000000)
  eden space 140800K, 100% used [0x00000000eaa80000,0x00000000f3400000,0x00000000f3400000)
  from space 98304K, 99% used [0x00000000f3400000,0x00000000f93c1e20,0x00000000f9400000)
  to   space 110592K, 0% used [0x00000000f9400000,0x00000000f9400000,0x0000000100000000)
 ParOldGen       total 581120K, used 499236K [0x00000000c0000000, 0x00000000e3780000, 0x00000000eaa80000)
  object space 581120K, 85% used [0x00000000c0000000,0x00000000de7890d0,0x00000000e3780000)
 PSPermGen       total 21504K, used 6464K [0x00000000b5a00000, 0x00000000b6f00000, 0x00000000c0000000)
  object space 21504K, 30% used [0x00000000b5a00000,0x00000000b6050220,0x00000000b6f00000)
Event: 21.679 GC heap after
Heap after GC invocations=33 (full 5):
 PSYoungGen      total 227840K, used 72036K [0x00000000eaa80000, 0x0000000100000000, 0x0000000100000000)
  eden space 117248K, 0% used [0x00000000eaa80000,0x00000000eaa80000,0x00000000f1d00000)
  from space 110592K, 65% used [0x00000000f9400000,0x00000000fda591a8,0x0000000100000000)
  to   space 116224K, 0% used [0x00000000f1d00000,0x00000000f1d00000,0x00000000f8e80000)
 ParOldGen       total 581120K, used 512732K [0x00000000c0000000, 0x00000000e3780000, 0x00000000eaa80000)
  object space 581120K, 88% used [0x00000000c0000000,0x00000000df4b7180,0x00000000e3780000)
 PSPermGen       total 21504K, used 6464K [0x00000000b5a00000, 0x00000000b6f00000, 0x00000000c0000000)
  object space 21504K, 30% used [0x00000000b5a00000,0x00000000b6050220,0x00000000b6f00000)
}
Event: 21.735 GC heap before
{Heap before GC invocations=34 (full 5):
 PSYoungGen      total 227840K, used 189284K [0x00000000eaa80000, 0x0000000100000000, 0x0000000100000000)
  eden space 117248K, 100% used [0x00000000eaa80000,0x00000000f1d00000,0x00000000f1d00000)
  from space 110592K, 65% used [0x00000000f9400000,0x00000000fda591a8,0x0000000100000000)
  to   space 116224K, 0% used [0x00000000f1d00000,0x00000000f1d00000,0x00000000f8e80000)
 ParOldGen       total 581120K, used 512732K [0x00000000c0000000, 0x00000000e3780000, 0x00000000eaa80000)
  object space 581120K, 88% used [0x00000000c0000000,0x00000000df4b7180,0x00000000e3780000)
 PSPermGen       total 21504K, used 6464K [0x00000000b5a00000, 0x00000000b6f00000, 0x00000000c0000000)
  object space 21504K, 30% used [0x00000000b5a00000,0x00000000b6050220,0x00000000b6f00000)
Event: 21.813 GC heap after
Heap after GC invocations=34 (full 5):
 PSYoungGen      total 233472K, used 62547K [0x00000000eaa80000, 0x00000000fff80000, 0x0000000100000000)
  eden space 117248K, 0% used [0x00000000eaa80000,0x00000000eaa80000,0x00000000f1d00000)
  from space 116224K, 53% used [0x00000000f1d00000,0x00000000f5a14f78,0x00000000f8e80000)
  to   space 113152K, 0% used [0x00000000f9100000,0x00000000f9100000,0x00000000fff80000)
 ParOldGen       total 584704K, used 583991K [0x00000000c0000000, 0x00000000e3b00000, 0x00000000eaa80000)
  object space 584704K, 99% used [0x00000000c0000000,0x00000000e3a4dde8,0x00000000e3b00000)
 PSPermGen       total 21504K, used 6464K [0x00000000b5a00000, 0x00000000b6f00000, 0x00000000c0000000)
  object space 21504K, 30% used [0x00000000b5a00000,0x00000000b6050220,0x00000000b6f00000)
}
Event: 21.813 GC heap before
{Heap before GC invocations=35 (full 6):
 PSYoungGen      total 233472K, used 62547K [0x00000000eaa80000, 0x00000000fff80000, 0x0000000100000000)
  eden space 117248K, 0% used [0x00000000eaa80000,0x00000000eaa80000,0x00000000f1d00000)
  from space 116224K, 53% used [0x00000000f1d00000,0x00000000f5a14f78,0x00000000f8e80000)
  to   space 113152K, 0% used [0x00000000f9100000,0x00000000f9100000,0x00000000fff80000)
 ParOldGen       total 584704K, used 583991K [0x00000000c0000000, 0x00000000e3b00000, 0x00000000eaa80000)
  object space 584704K, 99% used [0x00000000c0000000,0x00000000e3a4dde8,0x00000000e3b00000)
 PSPermGen       total 21504K, used 6464K [0x00000000b5a00000, 0x00000000b6f00000, 0x00000000c0000000)
  object space 21504K, 30% used [0x00000000b5a00000,0x00000000b6050220,0x00000000b6f00000)

